<?xml version="1.0" encoding="UTF-8"?>
<coverage generated="1765544125580" clover="3.2.0">
  <project timestamp="1765544125580" name="All files">
    <metrics statements="80" coveredstatements="69" conditionals="42" coveredconditionals="31" methods="35" coveredmethods="31" elements="157" coveredelements="131" complexity="0" loc="80" ncloc="80" packages="9" files="21" classes="21"/>
    <package name="assets">
      <metrics statements="0" coveredstatements="0" conditionals="0" coveredconditionals="0" methods="0" coveredmethods="0"/>
      <file name="navicon.svg" path="C:\Users\alexa\dev\individuell-examination\strajk-bowling\src\assets\navicon.svg">
        <metrics statements="0" coveredstatements="0" conditionals="0" coveredconditionals="0" methods="0" coveredmethods="0"/>
      </file>
      <file name="strajk-logo.svg" path="C:\Users\alexa\dev\individuell-examination\strajk-bowling\src\assets\strajk-logo.svg">
        <metrics statements="0" coveredstatements="0" conditionals="0" coveredconditionals="0" methods="0" coveredmethods="0"/>
      </file>
    </package>
    <package name="components.BookingInfo">
      <metrics statements="1" coveredstatements="1" conditionals="0" coveredconditionals="0" methods="1" coveredmethods="1"/>
      <file name="BookingInfo.jsx" path="C:\Users\alexa\dev\individuell-examination\strajk-bowling\src\components\BookingInfo\BookingInfo.jsx">
        <metrics statements="1" coveredstatements="1" conditionals="0" coveredconditionals="0" methods="1" coveredmethods="1"/>
        <line num="6" count="74" type="stmt"/>
      </file>
      <file name="BookingInfo.scss" path="C:\Users\alexa\dev\individuell-examination\strajk-bowling\src\components\BookingInfo\BookingInfo.scss">
        <metrics statements="0" coveredstatements="0" conditionals="0" coveredconditionals="0" methods="0" coveredmethods="0"/>
      </file>
    </package>
    <package name="components.ErrorMessage">
      <metrics statements="1" coveredstatements="0" conditionals="0" coveredconditionals="0" methods="1" coveredmethods="0"/>
      <file name="ErrorMessage.jsx" path="C:\Users\alexa\dev\individuell-examination\strajk-bowling\src\components\ErrorMessage\ErrorMessage.jsx">
        <metrics statements="1" coveredstatements="0" conditionals="0" coveredconditionals="0" methods="1" coveredmethods="0"/>
        <line num="4" count="0" type="stmt"/>
      </file>
      <file name="ErrorMessage.scss" path="C:\Users\alexa\dev\individuell-examination\strajk-bowling\src\components\ErrorMessage\ErrorMessage.scss">
        <metrics statements="0" coveredstatements="0" conditionals="0" coveredconditionals="0" methods="0" coveredmethods="0"/>
      </file>
    </package>
    <package name="components.Input">
      <metrics statements="1" coveredstatements="1" conditionals="4" coveredconditionals="4" methods="1" coveredmethods="1"/>
      <file name="Input.jsx" path="C:\Users\alexa\dev\individuell-examination\strajk-bowling\src\components\Input\Input.jsx">
        <metrics statements="1" coveredstatements="1" conditionals="4" coveredconditionals="4" methods="1" coveredmethods="1"/>
        <line num="13" count="415" type="stmt"/>
      </file>
      <file name="Input.scss" path="C:\Users\alexa\dev\individuell-examination\strajk-bowling\src\components\Input\Input.scss">
        <metrics statements="0" coveredstatements="0" conditionals="0" coveredconditionals="0" methods="0" coveredmethods="0"/>
      </file>
    </package>
    <package name="components.Navigation">
      <metrics statements="6" coveredstatements="3" conditionals="6" coveredconditionals="3" methods="4" coveredmethods="1"/>
      <file name="Navigation.jsx" path="C:\Users\alexa\dev\individuell-examination\strajk-bowling\src\components\Navigation\Navigation.jsx">
        <metrics statements="6" coveredstatements="3" conditionals="6" coveredconditionals="3" methods="4" coveredmethods="1"/>
        <line num="7" count="82" type="stmt"/>
        <line num="8" count="82" type="stmt"/>
        <line num="10" count="82" type="stmt"/>
        <line num="13" count="0" type="stmt"/>
        <line num="15" count="0" type="stmt"/>
        <line num="17" count="0" type="stmt"/>
      </file>
      <file name="Navigation.scss" path="C:\Users\alexa\dev\individuell-examination\strajk-bowling\src\components\Navigation\Navigation.scss">
        <metrics statements="0" coveredstatements="0" conditionals="0" coveredconditionals="0" methods="0" coveredmethods="0"/>
      </file>
    </package>
    <package name="components.Shoes">
      <metrics statements="7" coveredstatements="7" conditionals="0" coveredconditionals="0" methods="4" coveredmethods="4"/>
      <file name="Shoes.jsx" path="C:\Users\alexa\dev\individuell-examination\strajk-bowling\src\components\Shoes\Shoes.jsx">
        <metrics statements="7" coveredstatements="7" conditionals="0" coveredconditionals="0" methods="4" coveredmethods="4"/>
        <line num="7" count="74" type="stmt"/>
        <line num="8" count="91" type="stmt"/>
        <line num="10" count="91" type="stmt"/>
        <line num="22" count="3" type="stmt"/>
        <line num="30" count="91" type="stmt"/>
        <line num="33" count="74" type="stmt"/>
        <line num="42" count="20" type="stmt"/>
      </file>
      <file name="Shoes.scss" path="C:\Users\alexa\dev\individuell-examination\strajk-bowling\src\components\Shoes\Shoes.scss">
        <metrics statements="0" coveredstatements="0" conditionals="0" coveredconditionals="0" methods="0" coveredmethods="0"/>
      </file>
    </package>
    <package name="components.Top">
      <metrics statements="1" coveredstatements="1" conditionals="0" coveredconditionals="0" methods="1" coveredmethods="1"/>
      <file name="Top.jsx" path="C:\Users\alexa\dev\individuell-examination\strajk-bowling\src\components\Top\Top.jsx">
        <metrics statements="1" coveredstatements="1" conditionals="0" coveredconditionals="0" methods="1" coveredmethods="1"/>
        <line num="5" count="82" type="stmt"/>
      </file>
      <file name="Top.scss" path="C:\Users\alexa\dev\individuell-examination\strajk-bowling\src\components\Top\Top.scss">
        <metrics statements="0" coveredstatements="0" conditionals="0" coveredconditionals="0" methods="0" coveredmethods="0"/>
      </file>
    </package>
    <package name="mocks">
      <metrics statements="5" coveredstatements="5" conditionals="0" coveredconditionals="0" methods="1" coveredmethods="1"/>
      <file name="handlers.js" path="C:\Users\alexa\dev\individuell-examination\strajk-bowling\src\mocks\handlers.js">
        <metrics statements="4" coveredstatements="4" conditionals="0" coveredconditionals="0" methods="1" coveredmethods="1"/>
        <line num="3" count="2" type="stmt"/>
        <line num="5" count="3" type="stmt"/>
        <line num="7" count="3" type="stmt"/>
        <line num="9" count="3" type="stmt"/>
      </file>
      <file name="servers.js" path="C:\Users\alexa\dev\individuell-examination\strajk-bowling\src\mocks\servers.js">
        <metrics statements="1" coveredstatements="1" conditionals="0" coveredconditionals="0" methods="0" coveredmethods="0"/>
        <line num="4" count="2" type="stmt"/>
      </file>
    </package>
    <package name="views">
      <metrics statements="58" coveredstatements="51" conditionals="32" coveredconditionals="24" methods="22" coveredmethods="22"/>
      <file name="Booking.jsx" path="C:\Users\alexa\dev\individuell-examination\strajk-bowling\src\views\Booking.jsx">
        <metrics statements="49" coveredstatements="42" conditionals="26" coveredconditionals="18" methods="18" coveredmethods="18"/>
        <line num="12" count="95" type="stmt"/>
        <line num="18" count="95" type="stmt"/>
        <line num="19" count="95" type="stmt"/>
        <line num="20" count="95" type="stmt"/>
        <line num="23" count="17" type="stmt"/>
        <line num="24" count="17" type="stmt"/>
        <line num="26" count="17" type="stmt"/>
        <line num="33" count="43" type="stmt"/>
        <line num="34" count="43" type="stmt"/>
        <line num="36" count="43" type="cond" truecount="4" falsecount="0"/>
        <line num="37" count="22" type="stmt"/>
        <line num="38" count="22" type="stmt"/>
        <line num="39" count="52" type="cond" truecount="2" falsecount="0"/>
        <line num="46" count="20" type="stmt"/>
        <line num="48" count="20" type="stmt"/>
        <line num="52" count="3" type="stmt"/>
        <line num="54" count="7" type="stmt"/>
        <line num="58" count="3" type="stmt"/>
        <line num="60" count="6" type="cond" truecount="1" falsecount="1"/>
        <line num="62" count="3" type="stmt"/>
        <line num="66" count="3" type="stmt"/>
        <line num="67" count="3" type="stmt"/>
        <line num="69" count="3" type="cond" truecount="1" falsecount="1"/>
        <line num="71" count="0" type="stmt"/>
        <line num="75" count="3" type="stmt"/>
        <line num="85" count="3" type="stmt"/>
        <line num="87" count="3" type="stmt"/>
        <line num="91" count="3" type="stmt"/>
        <line num="95" count="3" type="stmt"/>
        <line num="96" count="3" type="stmt"/>
        <line num="98" count="3" type="stmt"/>
        <line num="103" count="3" type="stmt"/>
        <line num="105" count="3" type="cond" truecount="1" falsecount="1"/>
        <line num="111" count="0" type="stmt"/>
        <line num="112" count="3" type="cond" truecount="1" falsecount="1"/>
        <line num="113" count="0" type="stmt"/>
        <line num="114" count="3" type="cond" truecount="1" falsecount="1"/>
        <line num="115" count="0" type="stmt"/>
        <line num="116" count="3" type="cond" truecount="1" falsecount="1"/>
        <line num="117" count="0" type="stmt"/>
        <line num="120" count="3" type="cond" truecount="1" falsecount="1"/>
        <line num="121" count="0" type="stmt"/>
        <line num="122" count="0" type="stmt"/>
        <line num="125" count="3" type="stmt"/>
        <line num="129" count="6" type="stmt"/>
        <line num="132" count="3" type="stmt"/>
        <line num="133" count="3" type="stmt"/>
        <line num="135" count="3" type="stmt"/>
        <line num="140" count="95" type="stmt"/>
      </file>
      <file name="Booking.scss" path="C:\Users\alexa\dev\individuell-examination\strajk-bowling\src\views\Booking.scss">
        <metrics statements="0" coveredstatements="0" conditionals="0" coveredconditionals="0" methods="0" coveredmethods="0"/>
      </file>
      <file name="Confirmation.jsx" path="C:\Users\alexa\dev\individuell-examination\strajk-bowling\src\views\Confirmation.jsx">
        <metrics statements="3" coveredstatements="3" conditionals="6" coveredconditionals="6" methods="1" coveredmethods="1"/>
        <line num="9" count="8" type="stmt"/>
        <line num="12" count="8" type="cond" truecount="2" falsecount="0"/>
        <line num="15" count="8" type="stmt"/>
      </file>
      <file name="Confirmation.scss" path="C:\Users\alexa\dev\individuell-examination\strajk-bowling\src\views\Confirmation.scss">
        <metrics statements="0" coveredstatements="0" conditionals="0" coveredconditionals="0" methods="0" coveredmethods="0"/>
      </file>
      <file name="helper.jsx" path="C:\Users\alexa\dev\individuell-examination\strajk-bowling\src\views\helper.jsx">
        <metrics statements="6" coveredstatements="6" conditionals="0" coveredconditionals="0" methods="3" coveredmethods="3"/>
        <line num="6" count="2" type="stmt"/>
        <line num="7" count="9" type="stmt"/>
        <line num="14" count="2" type="stmt"/>
        <line num="15" count="3" type="stmt"/>
        <line num="25" count="2" type="stmt"/>
        <line num="26" count="5" type="stmt"/>
      </file>
    </package>
  </project>
</coverage>
